-------------------------------------------------------------------------------
Test set: br.com.gubee.interview.core.features.hero.HeroServiceIT
-------------------------------------------------------------------------------
Tests run: 1, Failures: 0, Errors: 1, Skipped: 0, Time elapsed: 5.609 s <<< FAILURE! - in br.com.gubee.interview.core.features.hero.HeroServiceIT
createHeroWithAllRequiredArguments  Time elapsed: 0.002 s  <<< ERROR!
java.lang.IllegalStateException: Failed to load ApplicationContext
Caused by: org.springframework.beans.factory.UnsatisfiedDependencyException: 
Error creating bean with name 'heroController' defined in file [/home/renato/work/entrevistas/teste-pratico/interview-junior/core/target/classes/br/com/gubee/interview/core/features/hero/HeroController.class]: Unsatisfied dependency expressed through constructor parameter 0; nested exception is org.springframework.beans.factory.UnsatisfiedDependencyException: Error creating bean with name 'heroService' defined in file [/home/renato/work/entrevistas/teste-pratico/interview-junior/core/target/classes/br/com/gubee/interview/core/features/hero/HeroService.class]: Unsatisfied dependency expressed through constructor parameter 0; nested exception is org.springframework.beans.factory.UnsatisfiedDependencyException: Error creating bean with name 'heroRepository' defined in file [/home/renato/work/entrevistas/teste-pratico/interview-junior/core/target/classes/br/com/gubee/interview/core/features/hero/HeroRepository.class]: Unsatisfied dependency expressed through constructor parameter 0; nested exception is org.springframework.beans.factory.BeanCreationException: Error creating bean with name 'flywayInitializer' defined in class path resource [org/springframework/boot/autoconfigure/flyway/FlywayAutoConfiguration$FlywayConfiguration.class]: Invocation of init method failed; nested exception is org.flywaydb.core.internal.exception.FlywaySqlException: Unable to obtain connection from database: Connection to localhost:49153 refused. Check that the hostname and port are correct and that the postmaster is accepting TCP/IP connections.
---------------------------------------------------------------------------------------------------------------------------------------------------------------------------------------
SQL State  : 08001
Error Code : 0
Message    : Connection to localhost:49153 refused. Check that the hostname and port are correct and that the postmaster is accepting TCP/IP connections.

Caused by: org.springframework.beans.factory.UnsatisfiedDependencyException: 
Error creating bean with name 'heroService' defined in file [/home/renato/work/entrevistas/teste-pratico/interview-junior/core/target/classes/br/com/gubee/interview/core/features/hero/HeroService.class]: Unsatisfied dependency expressed through constructor parameter 0; nested exception is org.springframework.beans.factory.UnsatisfiedDependencyException: Error creating bean with name 'heroRepository' defined in file [/home/renato/work/entrevistas/teste-pratico/interview-junior/core/target/classes/br/com/gubee/interview/core/features/hero/HeroRepository.class]: Unsatisfied dependency expressed through constructor parameter 0; nested exception is org.springframework.beans.factory.BeanCreationException: Error creating bean with name 'flywayInitializer' defined in class path resource [org/springframework/boot/autoconfigure/flyway/FlywayAutoConfiguration$FlywayConfiguration.class]: Invocation of init method failed; nested exception is org.flywaydb.core.internal.exception.FlywaySqlException: Unable to obtain connection from database: Connection to localhost:49153 refused. Check that the hostname and port are correct and that the postmaster is accepting TCP/IP connections.
---------------------------------------------------------------------------------------------------------------------------------------------------------------------------------------
SQL State  : 08001
Error Code : 0
Message    : Connection to localhost:49153 refused. Check that the hostname and port are correct and that the postmaster is accepting TCP/IP connections.

Caused by: org.springframework.beans.factory.UnsatisfiedDependencyException: 
Error creating bean with name 'heroRepository' defined in file [/home/renato/work/entrevistas/teste-pratico/interview-junior/core/target/classes/br/com/gubee/interview/core/features/hero/HeroRepository.class]: Unsatisfied dependency expressed through constructor parameter 0; nested exception is org.springframework.beans.factory.BeanCreationException: Error creating bean with name 'flywayInitializer' defined in class path resource [org/springframework/boot/autoconfigure/flyway/FlywayAutoConfiguration$FlywayConfiguration.class]: Invocation of init method failed; nested exception is org.flywaydb.core.internal.exception.FlywaySqlException: Unable to obtain connection from database: Connection to localhost:49153 refused. Check that the hostname and port are correct and that the postmaster is accepting TCP/IP connections.
---------------------------------------------------------------------------------------------------------------------------------------------------------------------------------------
SQL State  : 08001
Error Code : 0
Message    : Connection to localhost:49153 refused. Check that the hostname and port are correct and that the postmaster is accepting TCP/IP connections.

Caused by: org.springframework.beans.factory.BeanCreationException: 
Error creating bean with name 'flywayInitializer' defined in class path resource [org/springframework/boot/autoconfigure/flyway/FlywayAutoConfiguration$FlywayConfiguration.class]: Invocation of init method failed; nested exception is org.flywaydb.core.internal.exception.FlywaySqlException: Unable to obtain connection from database: Connection to localhost:49153 refused. Check that the hostname and port are correct and that the postmaster is accepting TCP/IP connections.
---------------------------------------------------------------------------------------------------------------------------------------------------------------------------------------
SQL State  : 08001
Error Code : 0
Message    : Connection to localhost:49153 refused. Check that the hostname and port are correct and that the postmaster is accepting TCP/IP connections.

Caused by: org.flywaydb.core.internal.exception.FlywaySqlException: 
Unable to obtain connection from database: Connection to localhost:49153 refused. Check that the hostname and port are correct and that the postmaster is accepting TCP/IP connections.
---------------------------------------------------------------------------------------------------------------------------------------------------------------------------------------
SQL State  : 08001
Error Code : 0
Message    : Connection to localhost:49153 refused. Check that the hostname and port are correct and that the postmaster is accepting TCP/IP connections.

Caused by: org.postgresql.util.PSQLException: Connection to localhost:49153 refused. Check that the hostname and port are correct and that the postmaster is accepting TCP/IP connections.
Caused by: java.net.ConnectException: Conexão recusada

